<?xml version="1.0" encoding="UTF-8"?>
<!-- Generated by org.testng.reporters.JUnitReportReporter -->
<testsuite hostname="DESKTOP-1UIQG5E" failures="0" tests="1" name="Amazon.NikAmazon.TestClass" time="24.988" errors="0" timestamp="2023-07-25T17:18:01 IST" skipped="0">
  <testcase classname="Amazon.NikAmazon.TestClass" name="AmezonPage" time="24.988"/>
  <system-out/>
</testsuite> <!-- Amazon.NikAmazon.TestClass -->
